<?xml version="1.0" encoding="UTF-8"?>
<coverage generated="1612136887854" clover="3.2.0">
  <project timestamp="1612136887854" name="All files">
    <metrics statements="32" coveredstatements="31" conditionals="8" coveredconditionals="6" methods="10" coveredmethods="10" elements="50" coveredelements="47" complexity="0" loc="32" ncloc="32" packages="1" files="4" classes="4"/>
    <file name="checkNeighbours.ts" path="/home/fran/dev/buscaminas/utils/checkNeighbours.ts">
      <metrics statements="7" coveredstatements="6" conditionals="2" coveredconditionals="1" methods="2" coveredmethods="2"/>
      <line num="1" count="1" type="stmt"/>
      <line num="5" count="1" type="stmt"/>
      <line num="6" count="3" type="stmt"/>
      <line num="7" count="3" type="stmt"/>
      <line num="9" count="1" type="cond" truecount="1" falsecount="1"/>
      <line num="10" count="0" type="stmt"/>
      <line num="12" count="1" type="stmt"/>
    </file>
    <file name="createNewBoard.ts" path="/home/fran/dev/buscaminas/utils/createNewBoard.ts">
      <metrics statements="4" coveredstatements="4" conditionals="0" coveredconditionals="0" methods="3" coveredmethods="3"/>
      <line num="9" count="2" type="stmt"/>
      <line num="13" count="3" type="stmt"/>
      <line num="14" count="39" type="stmt"/>
      <line num="29" count="3" type="stmt"/>
    </file>
    <file name="getNeighbours.ts" path="/home/fran/dev/buscaminas/utils/getNeighbours.ts">
      <metrics statements="8" coveredstatements="8" conditionals="6" coveredconditionals="5" methods="1" coveredmethods="1"/>
      <line num="5" count="1" type="stmt"/>
      <line num="10" count="1" type="stmt"/>
      <line num="11" count="1" type="stmt"/>
      <line num="12" count="3" type="cond" truecount="1" falsecount="1"/>
      <line num="13" count="3" type="stmt"/>
      <line num="14" count="9" type="cond" truecount="2" falsecount="0"/>
      <line num="21" count="8" type="stmt"/>
      <line num="27" count="1" type="stmt"/>
    </file>
    <file name="placeBombs.ts" path="/home/fran/dev/buscaminas/utils/placeBombs.ts">
      <metrics statements="13" coveredstatements="13" conditionals="0" coveredconditionals="0" methods="4" coveredmethods="4"/>
      <line num="3" count="1" type="stmt"/>
      <line num="9" count="1" type="stmt"/>
      <line num="10" count="10" type="stmt"/>
      <line num="11" count="5" type="stmt"/>
      <line num="16" count="1" type="stmt"/>
      <line num="19" count="4" type="stmt"/>
      <line num="20" count="4" type="stmt"/>
      <line num="21" count="4" type="stmt"/>
      <line num="23" count="1" type="stmt"/>
      <line num="25" count="4" type="stmt"/>
      <line num="27" count="4" type="stmt"/>
      <line num="28" count="4" type="stmt"/>
      <line num="31" count="1" type="stmt"/>
    </file>
  </project>
</coverage>
