{"/home/fran/dev/buscaminas/utils/checkNeighbours.ts": {"path":"/home/fran/dev/buscaminas/utils/checkNeighbours.ts","statementMap":{"0":{"start":{"line":1,"column":24},"end":{"line":13,"column":1}},"1":{"start":{"line":5,"column":22},"end":{"line":8,"column":11}},"2":{"start":{"line":6,"column":19},"end":{"line":6,"column":23}},"3":{"start":{"line":7,"column":4},"end":{"line":7,"column":38}},"4":{"start":{"line":9,"column":2},"end":{"line":11,"column":3}},"5":{"start":{"line":10,"column":4},"end":{"line":10,"column":12}},"6":{"start":{"line":12,"column":2},"end":{"line":12,"column":20}}},"fnMap":{"0":{"name":"(anonymous_0)","decl":{"start":{"line":1,"column":24},"end":{"line":1,"column":25}},"loc":{"start":{"line":4,"column":13},"end":{"line":13,"column":1}},"line":4},"1":{"name":"(anonymous_1)","decl":{"start":{"line":5,"column":40},"end":{"line":5,"column":41}},"loc":{"start":{"line":5,"column":48},"end":{"line":8,"column":3}},"line":5}},"branchMap":{"0":{"loc":{"start":{"line":9,"column":2},"end":{"line":11,"column":3}},"type":"if","locations":[{"start":{"line":9,"column":2},"end":{"line":11,"column":3}},{"start":{"line":9,"column":2},"end":{"line":11,"column":3}}],"line":9}},"s":{"0":1,"1":1,"2":3,"3":3,"4":1,"5":0,"6":1},"f":{"0":1,"1":3},"b":{"0":[0,1]},"_coverageSchema":"1a1c01bbd47fc00a2c39e90264f33305004495a9","hash":"db3154c5f1aa41c59289d255b7a813a486ed9da0"}
,"/home/fran/dev/buscaminas/utils/createNewBoard.ts": {"path":"/home/fran/dev/buscaminas/utils/createNewBoard.ts","statementMap":{"0":{"start":{"line":9,"column":23},"end":{"line":31,"column":1}},"1":{"start":{"line":13,"column":16},"end":{"line":27,"column":4}},"2":{"start":{"line":14,"column":4},"end":{"line":26,"column":7}},"3":{"start":{"line":14,"column":52},"end":{"line":26,"column":5}},"4":{"start":{"line":29,"column":2},"end":{"line":29,"column":14}}},"fnMap":{"0":{"name":"(anonymous_0)","decl":{"start":{"line":9,"column":23},"end":{"line":9,"column":24}},"loc":{"start":{"line":12,"column":23},"end":{"line":31,"column":1}},"line":12},"1":{"name":"(anonymous_1)","decl":{"start":{"line":13,"column":50},"end":{"line":13,"column":51}},"loc":{"start":{"line":13,"column":56},"end":{"line":27,"column":3}},"line":13},"2":{"name":"(anonymous_2)","decl":{"start":{"line":14,"column":45},"end":{"line":14,"column":46}},"loc":{"start":{"line":14,"column":52},"end":{"line":26,"column":5}},"line":14}},"branchMap":{},"s":{"0":2,"1":3,"2":13,"3":39,"4":3},"f":{"0":3,"1":13,"2":39},"b":{},"_coverageSchema":"1a1c01bbd47fc00a2c39e90264f33305004495a9","hash":"3cf430aa0e40a86a94204e0e63eab8a0acabf97a"}
,"/home/fran/dev/buscaminas/utils/getNeighbours.ts": {"path":"/home/fran/dev/buscaminas/utils/getNeighbours.ts","statementMap":{"0":{"start":{"line":5,"column":22},"end":{"line":28,"column":1}},"1":{"start":{"line":10,"column":21},"end":{"line":10,"column":23}},"2":{"start":{"line":11,"column":2},"end":{"line":25,"column":3}},"3":{"start":{"line":11,"column":19},"end":{"line":11,"column":21}},"4":{"start":{"line":12,"column":4},"end":{"line":24,"column":5}},"5":{"start":{"line":13,"column":6},"end":{"line":23,"column":7}},"6":{"start":{"line":13,"column":23},"end":{"line":13,"column":25}},"7":{"start":{"line":14,"column":8},"end":{"line":22,"column":9}},"8":{"start":{"line":21,"column":10},"end":{"line":21,"column":55}},"9":{"start":{"line":27,"column":2},"end":{"line":27,"column":19}}},"fnMap":{"0":{"name":"(anonymous_0)","decl":{"start":{"line":5,"column":22},"end":{"line":5,"column":23}},"loc":{"start":{"line":9,"column":31},"end":{"line":28,"column":1}},"line":9}},"branchMap":{"0":{"loc":{"start":{"line":12,"column":4},"end":{"line":24,"column":5}},"type":"if","locations":[{"start":{"line":12,"column":4},"end":{"line":24,"column":5}},{"start":{"line":12,"column":4},"end":{"line":24,"column":5}}],"line":12},"1":{"loc":{"start":{"line":14,"column":8},"end":{"line":22,"column":9}},"type":"if","locations":[{"start":{"line":14,"column":8},"end":{"line":22,"column":9}},{"start":{"line":14,"column":8},"end":{"line":22,"column":9}}],"line":14},"2":{"loc":{"start":{"line":15,"column":10},"end":{"line":19,"column":17}},"type":"binary-expr","locations":[{"start":{"line":15,"column":10},"end":{"line":15,"column":51}},{"start":{"line":16,"column":10},"end":{"line":19,"column":17}}],"line":15}},"s":{"0":1,"1":1,"2":1,"3":1,"4":3,"5":3,"6":3,"7":9,"8":8,"9":1},"f":{"0":1},"b":{"0":[3,0],"1":[8,1],"2":[9,9]},"_coverageSchema":"1a1c01bbd47fc00a2c39e90264f33305004495a9","hash":"18121d804ad608282605342ca23a3ab3156162be"}
,"/home/fran/dev/buscaminas/utils/placeBombs.ts": {"path":"/home/fran/dev/buscaminas/utils/placeBombs.ts","statementMap":{"0":{"start":{"line":3,"column":19},"end":{"line":32,"column":1}},"1":{"start":{"line":9,"column":20},"end":{"line":10,"column":49}},"2":{"start":{"line":10,"column":4},"end":{"line":10,"column":49}},"3":{"start":{"line":11,"column":26},"end":{"line":14,"column":4}},"4":{"start":{"line":11,"column":33},"end":{"line":14,"column":3}},"5":{"start":{"line":16,"column":2},"end":{"line":29,"column":3}},"6":{"start":{"line":16,"column":19},"end":{"line":16,"column":20}},"7":{"start":{"line":19,"column":27},"end":{"line":26,"column":5}},"8":{"start":{"line":20,"column":16},"end":{"line":20,"column":33}},"9":{"start":{"line":21,"column":6},"end":{"line":24,"column":7}},"10":{"start":{"line":23,"column":8},"end":{"line":23,"column":31}},"11":{"start":{"line":25,"column":6},"end":{"line":25,"column":16}},"12":{"start":{"line":27,"column":24},"end":{"line":27,"column":40}},"13":{"start":{"line":28,"column":4},"end":{"line":28,"column":53}},"14":{"start":{"line":31,"column":2},"end":{"line":31,"column":14}}},"fnMap":{"0":{"name":"(anonymous_0)","decl":{"start":{"line":3,"column":19},"end":{"line":3,"column":20}},"loc":{"start":{"line":8,"column":23},"end":{"line":32,"column":1}},"line":8},"1":{"name":"(anonymous_1)","decl":{"start":{"line":9,"column":20},"end":{"line":9,"column":21}},"loc":{"start":{"line":10,"column":4},"end":{"line":10,"column":49}},"line":10},"2":{"name":"(anonymous_2)","decl":{"start":{"line":11,"column":26},"end":{"line":11,"column":27}},"loc":{"start":{"line":11,"column":33},"end":{"line":14,"column":3}},"line":11},"3":{"name":"(anonymous_3)","decl":{"start":{"line":19,"column":27},"end":{"line":19,"column":28}},"loc":{"start":{"line":19,"column":33},"end":{"line":26,"column":5}},"line":19}},"branchMap":{},"s":{"0":1,"1":1,"2":10,"3":1,"4":5,"5":1,"6":1,"7":4,"8":4,"9":4,"10":1,"11":4,"12":4,"13":4,"14":1},"f":{"0":1,"1":10,"2":5,"3":4},"b":{},"_coverageSchema":"1a1c01bbd47fc00a2c39e90264f33305004495a9","hash":"046e2e6b9491c1cf6abc6a31ab52fb5376cd8ad2"}
}
