TN:
SF:utils/checkNeighbours.ts
FN:1,(anonymous_0)
FN:5,(anonymous_1)
FNF:2
FNH:2
FNDA:1,(anonymous_0)
FNDA:3,(anonymous_1)
DA:1,1
DA:5,1
DA:6,3
DA:7,3
DA:9,1
DA:10,0
DA:12,1
LF:7
LH:6
BRDA:9,0,0,0
BRDA:9,0,1,1
BRF:2
BRH:1
end_of_record
TN:
SF:utils/createNewBoard.ts
FN:9,(anonymous_0)
FN:13,(anonymous_1)
FN:14,(anonymous_2)
FNF:3
FNH:3
FNDA:3,(anonymous_0)
FNDA:13,(anonymous_1)
FNDA:39,(anonymous_2)
DA:9,2
DA:13,3
DA:14,39
DA:29,3
LF:4
LH:4
BRF:0
BRH:0
end_of_record
TN:
SF:utils/getNeighbours.ts
FN:5,(anonymous_0)
FNF:1
FNH:1
FNDA:1,(anonymous_0)
DA:5,1
DA:10,1
DA:11,1
DA:12,3
DA:13,3
DA:14,9
DA:21,8
DA:27,1
LF:8
LH:8
BRDA:12,0,0,3
BRDA:12,0,1,0
BRDA:14,1,0,8
BRDA:14,1,1,1
BRDA:15,2,0,9
BRDA:15,2,1,9
BRF:6
BRH:5
end_of_record
TN:
SF:utils/placeBombs.ts
FN:3,(anonymous_0)
FN:9,(anonymous_1)
FN:11,(anonymous_2)
FN:19,(anonymous_3)
FNF:4
FNH:4
FNDA:1,(anonymous_0)
FNDA:10,(anonymous_1)
FNDA:5,(anonymous_2)
FNDA:4,(anonymous_3)
DA:3,1
DA:9,1
DA:10,10
DA:11,5
DA:16,1
DA:19,4
DA:20,4
DA:21,4
DA:23,1
DA:25,4
DA:27,4
DA:28,4
DA:31,1
LF:13
LH:13
BRF:0
BRH:0
end_of_record
