TN:
SF:components/Square.tsx
FN:24,(anonymous_0)
FN:27,(anonymous_1)
FN:29,(anonymous_2)
FN:43,(anonymous_3)
FNF:4
FNH:2
FNDA:25,(anonymous_0)
FNDA:25,(anonymous_1)
FNDA:0,(anonymous_2)
FNDA:0,(anonymous_3)
DA:18,1
DA:24,25
DA:27,1
DA:28,25
DA:29,25
DA:30,0
DA:31,0
DA:33,0
DA:34,0
DA:35,0
DA:39,25
DA:43,0
LF:12
LH:6
BRDA:24,0,0,15
BRDA:24,0,1,10
BRDA:30,1,0,0
BRDA:30,1,1,0
BRDA:34,2,0,0
BRDA:34,2,1,0
BRDA:46,3,0,15
BRDA:46,3,1,10
BRDA:46,4,0,5
BRDA:46,4,1,5
BRF:10
BRH:6
end_of_record
TN:
SF:components/Board/Board.tsx
FN:14,(anonymous_0)
FN:16,(anonymous_1)
FN:34,(anonymous_2)
FN:36,(anonymous_3)
FNF:4
FNH:4
FNDA:2,(anonymous_0)
FNDA:1,(anonymous_1)
FNDA:5,(anonymous_2)
FNDA:25,(anonymous_3)
DA:14,1
DA:15,2
DA:16,2
DA:17,1
DA:18,1
DA:19,1
DA:20,1
DA:26,1
DA:29,2
DA:35,5
DA:40,25
DA:42,25
LF:12
LH:12
BRF:0
BRH:0
end_of_record
TN:
SF:components/Board/Styled.ts
FN:23,(anonymous_0)
FN:24,(anonymous_1)
FNF:2
FNH:2
FNDA:2,(anonymous_0)
FNDA:2,(anonymous_1)
DA:7,1
DA:11,1
DA:16,1
DA:20,1
DA:23,2
DA:24,2
LF:6
LH:6
BRF:0
BRH:0
end_of_record
TN:
SF:utils/checkNeighbours.ts
FN:1,(anonymous_0)
FN:2,(anonymous_1)
FNF:2
FNH:2
FNDA:26,(anonymous_0)
FNDA:147,(anonymous_1)
DA:1,2
DA:2,26
DA:3,147
DA:4,147
DA:6,26
DA:7,5
DA:9,21
LF:7
LH:7
BRDA:6,0,0,5
BRDA:6,0,1,21
BRF:2
BRH:2
end_of_record
TN:
SF:utils/createNewBoard.ts
FN:1,(anonymous_0)
FN:4,(anonymous_1)
FNF:2
FNH:2
FNDA:3,(anonymous_0)
FNDA:15,(anonymous_1)
DA:1,2
DA:2,3
DA:5,15
LF:3
LH:3
BRF:0
BRH:0
end_of_record
TN:
SF:utils/getNeighbours.ts
FN:2,(anonymous_0)
FNF:1
FNH:1
FNDA:26,(anonymous_0)
DA:2,2
DA:3,26
DA:4,26
DA:5,78
DA:6,68
DA:7,204
DA:14,152
DA:19,26
LF:8
LH:8
BRDA:5,0,0,68
BRDA:5,0,1,10
BRDA:7,1,0,152
BRDA:7,1,1,52
BRDA:8,2,0,204
BRDA:8,2,1,178
BRF:6
BRH:6
end_of_record
TN:
SF:utils/placeBombs.ts
FN:1,(anonymous_0)
FN:7,(anonymous_1)
FN:9,(anonymous_2)
FNF:3
FNH:3
FNDA:2,(anonymous_0)
FNDA:14,(anonymous_1)
FNDA:7,(anonymous_2)
DA:1,2
DA:7,2
DA:8,14
DA:9,7
DA:13,2
DA:15,7
DA:17,7
DA:19,2
LF:8
LH:8
BRF:0
BRH:0
end_of_record
